<?xml version="1.0" encoding="UTF-8"?>
<testng-results ignored="0" total="1" passed="1" failed="0" skipped="0">
  <reporter-output>
  </reporter-output>
  <suite started-at="2023-01-26T17:17:01 EET" name="Default suite" finished-at="2023-01-26T17:18:05 EET" duration-ms="64647">
    <groups>
    </groups>
    <test started-at="2023-01-26T17:17:01 EET" name="Default test" finished-at="2023-01-26T17:18:05 EET" duration-ms="64647">
      <class name="remedy.oneITSM_FW.tests.TestReleaseManagement_UpdateID">
        <test-method is-config="true" signature="setUp()[pri:0, instance:remedy.oneITSM_FW.tests.TestReleaseManagement_UpdateID@16293aa2]" started-at="2023-01-26T17:17:01 EET" name="setUp" finished-at="2023-01-26T17:17:07 EET" duration-ms="5930" status="PASS">
          <reporter-output>
          </reporter-output>
        </test-method> <!-- setUp -->
        <test-method signature="TestReleasemanagement_Updateid()[pri:0, instance:remedy.oneITSM_FW.tests.TestReleaseManagement_UpdateID@16293aa2]" started-at="2023-01-26T17:17:07 EET" name="TestReleasemanagement_Updateid" finished-at="2023-01-26T17:18:05 EET" duration-ms="58681" status="PASS">
          <reporter-output>
          </reporter-output>
        </test-method> <!-- TestReleasemanagement_Updateid -->
      </class> <!-- remedy.oneITSM_FW.tests.TestReleaseManagement_UpdateID -->
    </test> <!-- Default test -->
  </suite> <!-- Default suite -->
</testng-results>
